Sun Feb 25 2024 14:0:0 } [PH] error: 
Invalid `prisma.doctorSchedule.updateMany()` invocation:

{
  where: {
    id: {
    ~~
      in: []
    },
?   AND?: DoctorScheduleWhereInput | DoctorScheduleWhereInput[],
?   OR?: DoctorScheduleWhereInput[],
?   NOT?: DoctorScheduleWhereInput | DoctorScheduleWhereInput[],
?   doctorId?: StringFilter | String,
?   scheduleId?: StringFilter | String,
?   isBooked?: BoolFilter | Boolean,
?   createdAt?: DateTimeFilter | DateTime,
?   updatedAt?: DateTimeFilter | DateTime,
?   appointmentId?: StringNullableFilter | String | Null,
?   doctor?: DoctorRelationFilter | DoctorWhereInput,
?   schedule?: ScheduleRelationFilter | ScheduleWhereInput,
?   appointment?: AppointmentNullableRelationFilter | AppointmentWhereInput | Null
  },
  data: {
    isBooked: false
  }
}

Unknown argument `id`. Did you mean `OR`? Available options are marked with ?.
Sun Feb 25 2024 14:1:0 } [PH] error: 
Invalid `prisma.doctorSchedule.updateMany()` invocation:

{
  where: {
    id: {
    ~~
      in: []
    },
?   AND?: DoctorScheduleWhereInput | DoctorScheduleWhereInput[],
?   OR?: DoctorScheduleWhereInput[],
?   NOT?: DoctorScheduleWhereInput | DoctorScheduleWhereInput[],
?   doctorId?: StringFilter | String,
?   scheduleId?: StringFilter | String,
?   isBooked?: BoolFilter | Boolean,
?   createdAt?: DateTimeFilter | DateTime,
?   updatedAt?: DateTimeFilter | DateTime,
?   appointmentId?: StringNullableFilter | String | Null,
?   doctor?: DoctorRelationFilter | DoctorWhereInput,
?   schedule?: ScheduleRelationFilter | ScheduleWhereInput,
?   appointment?: AppointmentNullableRelationFilter | AppointmentWhereInput | Null
  },
  data: {
    isBooked: false
  }
}

Unknown argument `id`. Did you mean `OR`? Available options are marked with ?.
Sun Feb 25 2024 14:2:0 } [PH] error: 
Invalid `prisma.doctorSchedule.updateMany()` invocation:

{
  where: {
    id: {
    ~~
      in: []
    },
?   AND?: DoctorScheduleWhereInput | DoctorScheduleWhereInput[],
?   OR?: DoctorScheduleWhereInput[],
?   NOT?: DoctorScheduleWhereInput | DoctorScheduleWhereInput[],
?   doctorId?: StringFilter | String,
?   scheduleId?: StringFilter | String,
?   isBooked?: BoolFilter | Boolean,
?   createdAt?: DateTimeFilter | DateTime,
?   updatedAt?: DateTimeFilter | DateTime,
?   appointmentId?: StringNullableFilter | String | Null,
?   doctor?: DoctorRelationFilter | DoctorWhereInput,
?   schedule?: ScheduleRelationFilter | ScheduleWhereInput,
?   appointment?: AppointmentNullableRelationFilter | AppointmentWhereInput | Null
  },
  data: {
    isBooked: false
  }
}

Unknown argument `id`. Did you mean `OR`? Available options are marked with ?.
Sun Feb 25 2024 14:3:0 } [PH] error: 
Invalid `prisma.doctorSchedule.updateMany()` invocation:

{
  where: {
    id: {
    ~~
      in: []
    },
?   AND?: DoctorScheduleWhereInput | DoctorScheduleWhereInput[],
?   OR?: DoctorScheduleWhereInput[],
?   NOT?: DoctorScheduleWhereInput | DoctorScheduleWhereInput[],
?   doctorId?: StringFilter | String,
?   scheduleId?: StringFilter | String,
?   isBooked?: BoolFilter | Boolean,
?   createdAt?: DateTimeFilter | DateTime,
?   updatedAt?: DateTimeFilter | DateTime,
?   appointmentId?: StringNullableFilter | String | Null,
?   doctor?: DoctorRelationFilter | DoctorWhereInput,
?   schedule?: ScheduleRelationFilter | ScheduleWhereInput,
?   appointment?: AppointmentNullableRelationFilter | AppointmentWhereInput | Null
  },
  data: {
    isBooked: false
  }
}

Unknown argument `id`. Did you mean `OR`? Available options are marked with ?.
Sun Feb 25 2024 14:4:0 } [PH] error: 
Invalid `prisma.doctorSchedule.updateMany()` invocation:

{
  where: {
    id: {
    ~~
      in: []
    },
?   AND?: DoctorScheduleWhereInput | DoctorScheduleWhereInput[],
?   OR?: DoctorScheduleWhereInput[],
?   NOT?: DoctorScheduleWhereInput | DoctorScheduleWhereInput[],
?   doctorId?: StringFilter | String,
?   scheduleId?: StringFilter | String,
?   isBooked?: BoolFilter | Boolean,
?   createdAt?: DateTimeFilter | DateTime,
?   updatedAt?: DateTimeFilter | DateTime,
?   appointmentId?: StringNullableFilter | String | Null,
?   doctor?: DoctorRelationFilter | DoctorWhereInput,
?   schedule?: ScheduleRelationFilter | ScheduleWhereInput,
?   appointment?: AppointmentNullableRelationFilter | AppointmentWhereInput | Null
  },
  data: {
    isBooked: false
  }
}

Unknown argument `id`. Did you mean `OR`? Available options are marked with ?.
